<?xml version="1.0" encoding="UTF-8"?>
<testng-results ignored="0" total="1" passed="1" failed="0" skipped="0">
  <reporter-output>
  </reporter-output>
  <suite started-at="2025-10-21T21:37:47 IST" name="LoginSuite" finished-at="2025-10-21T21:37:50 IST" duration-ms="2874">
    <groups>
    </groups>
    <test started-at="2025-10-21T21:37:47 IST" name="LoginTests" finished-at="2025-10-21T21:37:50 IST" duration-ms="2874">
      <class name="tests.LoginTest">
        <test-method is-config="true" signature="setup()[pri:0, instance:tests.LoginTest@3023df74]" started-at="2025-10-21T21:37:47 IST" name="setup" finished-at="2025-10-21T21:37:49 IST" duration-ms="2065" status="PASS">
          <reporter-output>
          </reporter-output>
        </test-method> <!-- setup -->
        <test-method signature="testVolidLogin()[pri:0, instance:tests.LoginTest@3023df74]" started-at="2025-10-21T21:37:49 IST" name="testVolidLogin" finished-at="2025-10-21T21:37:50 IST" duration-ms="649" status="PASS">
          <reporter-output>
          </reporter-output>
        </test-method> <!-- testVolidLogin -->
        <test-method is-config="true" signature="tearDown()[pri:0, instance:tests.LoginTest@3023df74]" started-at="2025-10-21T21:37:50 IST" name="tearDown" finished-at="2025-10-21T21:37:50 IST" duration-ms="130" status="PASS">
          <reporter-output>
          </reporter-output>
        </test-method> <!-- tearDown -->
      </class> <!-- tests.LoginTest -->
    </test> <!-- LoginTests -->
  </suite> <!-- LoginSuite -->
</testng-results>
